[LOG] SystemI::init                            : FMOD Studio Version: 00010815 (82192)
[LOG] SystemI::init                            : maxchannels = 1024, flags = 00030000, extradriverdata = 0000000000000000
[LOG] SystemI::close                           : 
[LOG] SystemI::close                           : Stop all sounds
[LOG] SystemI::close                           : done.

[LOG] OutputWASAPI::init                       : Mix Format (WAVEFORMATEX): wFormatTag=0xFFFE, nChannels=1, nSamplesPerSec=16000, nAvgBytesPerSec=64000, nBlockAlign=4, wBitsPerSample=32, cbSize=22.
[LOG] OutputWASAPI::init                       : Mix Format (WAVEFORMATEXTENSIBLE): wValidBitsPerSample=32, dwChannelMask=0x00000004, SubFormat=00000003-0000-0010-8000-00AA00389B71.
[LOG] OutputWASAPI::init                       : Output buffer size: 1364 samples, latency: 0.00ms, period: 10.00ms, DSP buffer: 1024 * 4
[WRN] SystemI::init                            : Output requires a sample rate of 16000Hz, resampling will occur.
[LOG] DownMix::init                            : dspbuffersize: 1024  rate: 48000. output speaker mode: 2, input speaker mode 3
[LOG] DownMix::init                            : done.
[LOG] Thread::initThread                       : Initializing FMOD mixer thread.  priority 3
[LOG] Thread::initThread                       : - Stacksize 49152.  Stack pointer 0000000000000000 : usesemaphore = 0 : sleeptime = 0
[LOG] Thread::callback                         : * FMOD mixer thread started
[LOG] SystemI::init                            : Set up emulated output
[LOG] SystemI::init                            : create the channel pool
[LOG] Thread::initThread                       : Initializing FMOD stream thread.  priority 2
[LOG] Thread::initThread                       : - Stacksize 65536.  Stack pointer 0000000000000000 : usesemaphore = 0 : sleeptime = 10
[LOG] Thread::callback                         : * FMOD stream thread started
[LOG] Thread::initThread                       : Initializing FMOD Studio update thread.  priority 0
[LOG] Thread::initThread                       : - Stacksize 65536.  Stack pointer 0000000000000000 : usesemaphore = 0 : sleeptime = 1
[LOG] Thread::callback                         : * FMOD Studio update thread started
[LOG] Thread::initThread                       : Initializing FMOD Studio sample load thread.  priority 0
[LOG] Thread::initThread                       : - Stacksize 65536.  Stack pointer 0000000000000000 : usesemaphore = 0 : sleeptime = 1
[LOG] Thread::callback                         : * FMOD Studio sample load thread started
[LOG] LiveUpdate::init                         : 
[LOG] Thread::initThread                       : Initializing FMOD Studio bank load thread.  priority 0
[LOG] Thread::initThread                       : - Stacksize 65536.  Stack pointer 0000000000000000 : usesemaphore = 0 : sleeptime = 1
[LOG] Thread::callback                         : * FMOD Studio bank load thread started
[LOG] Profile::init                            : Profiler listening on port: 9264
[LOG] Manager::readBank                        : fileversion = 79, compatVersion = 70 (oldest = 44, newest = 80)
[LOG] Manager::readBank                        : fileversion = 79, compatVersion = 70 (oldest = 44, newest = 80)
[LOG] PlaybackSystem::acquireMasterBus         : Setting master channel group format to 6
[LOG] SystemI::createSoundInternal             : filename =  : mode 02000202
[LOG] SystemI::createSoundInternal             : exinfo->cbsize             = 232
[LOG] SystemI::createSoundInternal             : exinfo->length             = 16973312
[LOG] SystemI::createSoundInternal             : exinfo->fileoffset         = 51584
[LOG] SystemI::createSoundInternal             : exinfo->numsubsounds       = 1
[LOG] SystemI::createSoundInternal             : exinfo->inclusionlist      = 00000047E83FFAC8
[LOG] SystemI::createSoundInternal             : exinfo->inclusionlistnum   = 1
[LOG] SystemI::createSoundInternal             : exinfo->suggestedsoundtype = 5
[LOG] SystemI::createSoundInternal             : exinfo->useropen           = 00007FF8C8395130
[LOG] SystemI::createSoundInternal             : exinfo->userclose          = 00007FF8C8395100
[LOG] SystemI::createSoundInternal             : exinfo->userread           = 00007FF8C8395200
[LOG] SystemI::createSoundInternal             : exinfo->userseek           = 00007FF8C83952B0
[LOG] SystemI::createSoundInternal             : exinfo->fileuserdata       = 000002068B9618E8
[LOG] SystemI::createSoundInternal             : exinfo->initialseekpostype = 1
[LOG] SystemI::createSoundInternal             : Format has 1 subsounds.
[LOG] SystemI::createSoundInternal             : Create as FMOD_CREATESAMPLE
[LOG] SystemI::createSoundInternal             : Multi-sample sound (1 subsounds), create a sample container.
[LOG] SystemI::createSoundInternal             : creating subsound 0/1
[LOG] SystemI::createSample                    : mode 02000202 length 245760 samples, lengthbytes 66400
[LOG] SystemI::createSample                    : channels = 2
[LOG] SystemI::createSample                    : output = 00000205B78ADE48
[LOG] OutputSoftware::createSample             : lengthpcm 245760, lengthbytes 66400, channels 2, format 2, freq 48000, mode 0200020a
[LOG] SystemI::createSoundInternal             : No name found in file, use filename.
[LOG] SystemI::createSoundInternal             : done.  OpenState now = FMOD_OPENSTATE_READY.

[LOG] SystemI::createSoundInternal             : filename =  : mode 02000202
[LOG] SystemI::createSoundInternal             : exinfo->cbsize             = 232
[LOG] SystemI::createSoundInternal             : exinfo->length             = 16973312
[LOG] SystemI::createSoundInternal             : exinfo->fileoffset         = 51584
[LOG] SystemI::createSoundInternal             : exinfo->numsubsounds       = 1
[LOG] SystemI::createSoundInternal             : exinfo->inclusionlist      = 00000047E83FFAC8
[LOG] SystemI::createSoundInternal             : exinfo->inclusionlistnum   = 1
[LOG] SystemI::createSoundInternal             : exinfo->suggestedsoundtype = 5
[LOG] SystemI::createSoundInternal             : exinfo->useropen           = 00007FF8C8395130
[LOG] SystemI::createSoundInternal             : exinfo->userclose          = 00007FF8C8395100
[LOG] SystemI::createSoundInternal             : exinfo->userread           = 00007FF8C8395200
[LOG] SystemI::createSoundInternal             : exinfo->userseek           = 00007FF8C83952B0
[LOG] SystemI::createSoundInternal             : exinfo->fileuserdata       = 000002068B9618E8
[LOG] SystemI::createSoundInternal             : exinfo->initialseekpostype = 1
[LOG] SystemI::createSoundInternal             : Format has 1 subsounds.
[LOG] SystemI::createSoundInternal             : Create as FMOD_CREATESAMPLE
[LOG] SystemI::createSoundInternal             : Multi-sample sound (1 subsounds), create a sample container.
[LOG] SystemI::createSoundInternal             : creating subsound 0/1
[LOG] SystemI::createSample                    : mode 02000202 length 60416 samples, lengthbytes 18080
[LOG] SystemI::createSample                    : channels = 2
[LOG] SystemI::createSample                    : output = 00000205B78ADE48
[LOG] OutputSoftware::createSample             : lengthpcm 60416, lengthbytes 18080, channels 2, format 2, freq 48000, mode 0200020a
[LOG] SystemI::createSoundInternal             : No name found in file, use filename.
[LOG] SystemI::createSoundInternal             : done.  OpenState now = FMOD_OPENSTATE_READY.

[LOG] SystemI::createSoundInternal             : filename =  : mode 02000202
[LOG] SystemI::createSoundInternal             : exinfo->cbsize             = 232
[LOG] SystemI::createSoundInternal             : exinfo->length             = 16973312
[LOG] SystemI::createSoundInternal             : exinfo->fileoffset         = 51584
[LOG] SystemI::createSoundInternal             : exinfo->numsubsounds       = 1
[LOG] SystemI::createSoundInternal             : exinfo->inclusionlist      = 00000047E83FFAC8
[LOG] SystemI::createSoundInternal             : exinfo->inclusionlistnum   = 1
[LOG] SystemI::createSoundInternal             : exinfo->suggestedsoundtype = 5
[LOG] SystemI::createSoundInternal             : exinfo->useropen           = 00007FF8C8395130
[LOG] SystemI::createSoundInternal             : exinfo->userclose          = 00007FF8C8395100
[LOG] SystemI::createSoundInternal             : exinfo->userread           = 00007FF8C8395200
[LOG] SystemI::createSoundInternal             : exinfo->userseek           = 00007FF8C83952B0
[LOG] SystemI::createSoundInternal             : exinfo->fileuserdata       = 000002068B9618E8
[LOG] SystemI::createSoundInternal             : exinfo->initialseekpostype = 1
[LOG] SystemI::createSoundInternal             : Format has 1 subsounds.
[LOG] SystemI::createSoundInternal             : Create as FMOD_CREATESAMPLE
[LOG] SystemI::createSoundInternal             : Multi-sample sound (1 subsounds), create a sample container.
[LOG] SystemI::createSoundInternal             : creating subsound 0/1
[LOG] SystemI::createSample                    : mode 02000202 length 129024 samples, lengthbytes 36192
[LOG] SystemI::createSample                    : channels = 2
[LOG] SystemI::createSample                    : output = 00000205B78ADE48
[LOG] OutputSoftware::createSample             : lengthpcm 129024, lengthbytes 36192, channels 2, format 2, freq 48000, mode 0200020a
[LOG] SystemI::createSoundInternal             : No name found in file, use filename.
[LOG] SystemI::createSoundInternal             : done.  OpenState now = FMOD_OPENSTATE_READY.

[LOG] SystemI::createSoundInternal             : filename =  : mode 02000202
[LOG] SystemI::createSoundInternal             : exinfo->cbsize             = 232
[LOG] SystemI::createSoundInternal             : exinfo->length             = 16973312
[LOG] SystemI::createSoundInternal             : exinfo->fileoffset         = 51584
[LOG] SystemI::createSoundInternal             : exinfo->numsubsounds       = 1
[LOG] SystemI::createSoundInternal             : exinfo->inclusionlist      = 00000047E83FFAC8
[LOG] SystemI::createSoundInternal             : exinfo->inclusionlistnum   = 1
[LOG] SystemI::createSoundInternal             : exinfo->suggestedsoundtype = 5
[LOG] SystemI::createSoundInternal             : exinfo->useropen           = 00007FF8C8395130
[LOG] SystemI::createSoundInternal             : exinfo->userclose          = 00007FF8C8395100
[LOG] SystemI::createSoundInternal             : exinfo->userread           = 00007FF8C8395200
[LOG] SystemI::createSoundInternal             : exinfo->userseek           = 00007FF8C83952B0
[LOG] SystemI::createSoundInternal             : exinfo->fileuserdata       = 000002068B9618E8
[LOG] SystemI::createSoundInternal             : exinfo->initialseekpostype = 1
[LOG] SystemI::createSoundInternal             : Format has 1 subsounds.
[LOG] SystemI::createSoundInternal             : Create as FMOD_CREATESAMPLE
[LOG] SystemI::createSoundInternal             : Multi-sample sound (1 subsounds), create a sample container.
[LOG] SystemI::createSoundInternal             : creating subsound 0/1
[LOG] SystemI::createSample                    : mode 02000202 length 240000 samples, lengthbytes 73728
[LOG] SystemI::createSample                    : channels = 2
[LOG] SystemI::createSample                    : output = 00000205B78ADE48
[LOG] OutputSoftware::createSample             : lengthpcm 240000, lengthbytes 73728, channels 2, format 2, freq 48000, mode 0200020a
[LOG] SystemI::createSoundInternal             : No name found in file, use filename.
[LOG] SystemI::createSoundInternal             : done.  OpenState now = FMOD_OPENSTATE_READY.

[LOG] SystemI::createSoundInternal             : filename =  : mode 02000202
[LOG] SystemI::createSoundInternal             : exinfo->cbsize             = 232
[LOG] SystemI::createSoundInternal             : exinfo->length             = 16973312
[LOG] SystemI::createSoundInternal             : exinfo->fileoffset         = 51584
[LOG] SystemI::createSoundInternal             : exinfo->numsubsounds       = 1
[LOG] SystemI::createSoundInternal             : exinfo->inclusionlist      = 00000047E83FFAC8
[LOG] SystemI::createSoundInternal             : exinfo->inclusionlistnum   = 1
[LOG] SystemI::createSoundInternal             : exinfo->suggestedsoundtype = 5
[LOG] SystemI::createSoundInternal             : exinfo->useropen           = 00007FF8C8395130
[LOG] SystemI::createSoundInternal             : exinfo->userclose          = 00007FF8C8395100
[LOG] SystemI::createSoundInternal             : exinfo->userread           = 00007FF8C8395200
[LOG] SystemI::createSoundInternal             : exinfo->userseek           = 00007FF8C83952B0
[LOG] SystemI::createSoundInternal             : exinfo->fileuserdata       = 000002068B9618E8
[LOG] SystemI::createSoundInternal             : exinfo->initialseekpostype = 1
[LOG] SystemI::createSoundInternal             : Format has 1 subsounds.
[LOG] SystemI::createSoundInternal             : Create as FMOD_CREATESAMPLE
[LOG] SystemI::createSoundInternal             : Multi-sample sound (1 subsounds), create a sample container.
[LOG] SystemI::createSoundInternal             : creating subsound 0/1
[LOG] SystemI::createSample                    : mode 02000202 length 233472 samples, lengthbytes 61344
[LOG] SystemI::createSample                    : channels = 2
[LOG] SystemI::createSample                    : output = 00000205B78ADE48
[LOG] OutputSoftware::createSample             : lengthpcm 233472, lengthbytes 61344, channels 2, format 2, freq 48000, mode 0200020a
[LOG] SystemI::createSoundInternal             : No name found in file, use filename.
[LOG] SystemI::createSoundInternal             : done.  OpenState now = FMOD_OPENSTATE_READY.

[LOG] SystemI::createSoundInternal             : filename =  : mode 02000202
[LOG] SystemI::createSoundInternal             : exinfo->cbsize             = 232
[LOG] SystemI::createSoundInternal             : exinfo->length             = 16973312
[LOG] SystemI::createSoundInternal             : exinfo->fileoffset         = 51584
[LOG] SystemI::createSoundInternal             : exinfo->numsubsounds       = 1
[LOG] SystemI::createSoundInternal             : exinfo->inclusionlist      = 00000047E83FFAC8
[LOG] SystemI::createSoundInternal             : exinfo->inclusionlistnum   = 1
[LOG] SystemI::createSoundInternal             : exinfo->suggestedsoundtype = 5
[LOG] SystemI::createSoundInternal             : exinfo->useropen           = 00007FF8C8395130
[LOG] SystemI::createSoundInternal             : exinfo->userclose          = 00007FF8C8395100
[LOG] SystemI::createSoundInternal             : exinfo->userread           = 00007FF8C8395200
[LOG] SystemI::createSoundInternal             : exinfo->userseek           = 00007FF8C83952B0
[LOG] SystemI::createSoundInternal             : exinfo->fileuserdata       = 000002068B9618E8
[LOG] SystemI::createSoundInternal             : exinfo->initialseekpostype = 1
[LOG] SystemI::createSoundInternal             : Format has 1 subsounds.
[LOG] SystemI::createSoundInternal             : Create as FMOD_CREATESAMPLE
[LOG] SystemI::createSoundInternal             : Multi-sample sound (1 subsounds), create a sample container.
[LOG] SystemI::createSoundInternal             : creating subsound 0/1
[LOG] SystemI::createSample                    : mode 02000202 length 66560 samples, lengthbytes 18848
[LOG] SystemI::createSample                    : channels = 2
[LOG] SystemI::createSample                    : output = 00000205B78ADE48
[LOG] OutputSoftware::createSample             : lengthpcm 66560, lengthbytes 18848, channels 2, format 2, freq 48000, mode 0200020a
[LOG] SystemI::createSoundInternal             : No name found in file, use filename.
[LOG] SystemI::createSoundInternal             : done.  OpenState now = FMOD_OPENSTATE_READY.

[LOG] SystemI::createSoundInternal             : filename =  : mode 02000202
[LOG] SystemI::createSoundInternal             : exinfo->cbsize             = 232
[LOG] SystemI::createSoundInternal             : exinfo->length             = 16973312
[LOG] SystemI::createSoundInternal             : exinfo->fileoffset         = 51584
[LOG] SystemI::createSoundInternal             : exinfo->numsubsounds       = 1
[LOG] SystemI::createSoundInternal             : exinfo->inclusionlist      = 00000047E83FFAC8
[LOG] SystemI::createSoundInternal             : exinfo->inclusionlistnum   = 1
[LOG] SystemI::createSoundInternal             : exinfo->suggestedsoundtype = 5
[LOG] SystemI::createSoundInternal             : exinfo->useropen           = 00007FF8C8395130
[LOG] SystemI::createSoundInternal             : exinfo->userclose          = 00007FF8C8395100
[LOG] SystemI::createSoundInternal             : exinfo->userread           = 00007FF8C8395200
[LOG] SystemI::createSoundInternal             : exinfo->userseek           = 00007FF8C83952B0
[LOG] SystemI::createSoundInternal             : exinfo->fileuserdata       = 000002068B9618E8
[LOG] SystemI::createSoundInternal             : exinfo->initialseekpostype = 1
[LOG] SystemI::createSoundInternal             : Format has 1 subsounds.
[LOG] SystemI::createSoundInternal             : Create as FMOD_CREATESAMPLE
[LOG] SystemI::createSoundInternal             : Multi-sample sound (1 subsounds), create a sample container.
[LOG] SystemI::createSoundInternal             : creating subsound 0/1
[LOG] SystemI::createSample                    : mode 02000202 length 397312 samples, lengthbytes 107744
[LOG] SystemI::createSample                    : channels = 2
[LOG] SystemI::createSample                    : output = 00000205B78ADE48
[LOG] OutputSoftware::createSample             : lengthpcm 397312, lengthbytes 107744, channels 2, format 2, freq 48000, mode 0200020a
[LOG] SystemI::createSoundInternal             : No name found in file, use filename.
[LOG] SystemI::createSoundInternal             : done.  OpenState now = FMOD_OPENSTATE_READY.

[LOG] SystemI::createSoundInternal             : filename =  : mode 02000202
[LOG] SystemI::createSoundInternal             : exinfo->cbsize             = 232
[LOG] SystemI::createSoundInternal             : exinfo->length             = 16973312
[LOG] SystemI::createSoundInternal             : exinfo->fileoffset         = 51584
[LOG] SystemI::createSoundInternal             : exinfo->numsubsounds       = 1
[LOG] SystemI::createSoundInternal             : exinfo->inclusionlist      = 00000047E83FFAC8
[LOG] SystemI::createSoundInternal             : exinfo->inclusionlistnum   = 1
[LOG] SystemI::createSoundInternal             : exinfo->suggestedsoundtype = 5
[LOG] SystemI::createSoundInternal             : exinfo->useropen           = 00007FF8C8395130
[LOG] SystemI::createSoundInternal             : exinfo->userclose          = 00007FF8C8395100
[LOG] SystemI::createSoundInternal             : exinfo->userread           = 00007FF8C8395200
[LOG] SystemI::createSoundInternal             : exinfo->userseek           = 00007FF8C83952B0
[LOG] SystemI::createSoundInternal             : exinfo->fileuserdata       = 000002068B9618E8
[LOG] SystemI::createSoundInternal             : exinfo->initialseekpostype = 1
[LOG] SystemI::createSoundInternal             : Format has 1 subsounds.
[LOG] SystemI::createSoundInternal             : Create as FMOD_CREATESAMPLE
[LOG] SystemI::createSoundInternal             : Multi-sample sound (1 subsounds), create a sample container.
[LOG] SystemI::createSoundInternal             : creating subsound 0/1
[LOG] SystemI::createSample                    : mode 02000202 length 266240 samples, lengthbytes 78272
[LOG] SystemI::createSample                    : channels = 2
[LOG] SystemI::createSample                    : output = 00000205B78ADE48
[LOG] OutputSoftware::createSample             : lengthpcm 266240, lengthbytes 78272, channels 2, format 2, freq 48000, mode 0200020a
[LOG] SystemI::createSoundInternal             : No name found in file, use filename.
[LOG] SystemI::createSoundInternal             : done.  OpenState now = FMOD_OPENSTATE_READY.

[LOG] SystemI::createSoundInternal             : filename =  : mode 02000202
[LOG] SystemI::createSoundInternal             : exinfo->cbsize             = 232
[LOG] SystemI::createSoundInternal             : exinfo->length             = 16973312
[LOG] SystemI::createSoundInternal             : exinfo->fileoffset         = 51584
[LOG] SystemI::createSoundInternal             : exinfo->numsubsounds       = 1
[LOG] SystemI::createSoundInternal             : exinfo->inclusionlist      = 00000047E83FFAC8
[LOG] SystemI::createSoundInternal             : exinfo->inclusionlistnum   = 1
[LOG] SystemI::createSoundInternal             : exinfo->suggestedsoundtype = 5
[LOG] SystemI::createSoundInternal             : exinfo->useropen           = 00007FF8C8395130
[LOG] SystemI::createSoundInternal             : exinfo->userclose          = 00007FF8C8395100
[LOG] SystemI::createSoundInternal             : exinfo->userread           = 00007FF8C8395200
[LOG] SystemI::createSoundInternal             : exinfo->userseek           = 00007FF8C83952B0
[LOG] SystemI::createSoundInternal             : exinfo->fileuserdata       = 000002068B9618E8
[LOG] SystemI::createSoundInternal             : exinfo->initialseekpostype = 1
[LOG] SystemI::createSoundInternal             : Format has 1 subsounds.
[LOG] SystemI::createSoundInternal             : Create as FMOD_CREATESAMPLE
[LOG] SystemI::createSoundInternal             : Multi-sample sound (1 subsounds), create a sample container.
[LOG] SystemI::createSoundInternal             : creating subsound 0/1
[LOG] SystemI::createSample                    : mode 02000202 length 360448 samples, lengthbytes 104352
[LOG] SystemI::createSample                    : channels = 2
[LOG] SystemI::createSample                    : output = 00000205B78ADE48
[LOG] OutputSoftware::createSample             : lengthpcm 360448, lengthbytes 104352, channels 2, format 2, freq 48000, mode 0200020a
[LOG] SystemI::createSoundInternal             : No name found in file, use filename.
[LOG] SystemI::createSoundInternal             : done.  OpenState now = FMOD_OPENSTATE_READY.

[LOG] SystemI::createSoundInternal             : filename =  : mode 02000202
[LOG] SystemI::createSoundInternal             : exinfo->cbsize             = 232
[LOG] SystemI::createSoundInternal             : exinfo->length             = 16973312
[LOG] SystemI::createSoundInternal             : exinfo->fileoffset         = 51584
[LOG] SystemI::createSoundInternal             : exinfo->numsubsounds       = 1
[LOG] SystemI::createSoundInternal             : exinfo->inclusionlist      = 00000047E83FFAC8
[LOG] SystemI::createSoundInternal             : exinfo->inclusionlistnum   = 1
[LOG] SystemI::createSoundInternal             : exinfo->suggestedsoundtype = 5
[LOG] SystemI::createSoundInternal             : exinfo->useropen           = 00007FF8C8395130
[LOG] SystemI::createSoundInternal             : exinfo->userclose          = 00007FF8C8395100
[LOG] SystemI::createSoundInternal             : exinfo->userread           = 00007FF8C8395200
[LOG] SystemI::createSoundInternal             : exinfo->userseek           = 00007FF8C83952B0
[LOG] SystemI::createSoundInternal             : exinfo->fileuserdata       = 000002068B9618E8
[LOG] SystemI::createSoundInternal             : exinfo->initialseekpostype = 1
[LOG] SystemI::createSoundInternal             : Format has 1 subsounds.
[LOG] SystemI::createSoundInternal             : Create as FMOD_CREATESAMPLE
[LOG] SystemI::createSoundInternal             : Multi-sample sound (1 subsounds), create a sample container.
[LOG] SystemI::createSoundInternal             : creating subsound 0/1
[LOG] SystemI::createSample                    : mode 02000202 length 303104 samples, lengthbytes 90528
[LOG] SystemI::createSample                    : channels = 2
[LOG] SystemI::createSample                    : output = 00000205B78ADE48
[LOG] OutputSoftware::createSample             : lengthpcm 303104, lengthbytes 90528, channels 2, format 2, freq 48000, mode 0200020a
[LOG] SystemI::createSoundInternal             : No name found in file, use filename.
[LOG] SystemI::createSoundInternal             : done.  OpenState now = FMOD_OPENSTATE_READY.

[LOG] SystemI::createSoundInternal             : filename =  : mode 02000202
[LOG] SystemI::createSoundInternal             : exinfo->cbsize             = 232
[LOG] SystemI::createSoundInternal             : exinfo->length             = 16973312
[LOG] SystemI::createSoundInternal             : exinfo->fileoffset         = 51584
[LOG] SystemI::createSoundInternal             : exinfo->numsubsounds       = 1
[LOG] SystemI::createSoundInternal             : exinfo->inclusionlist      = 00000047E83FFAC8
[LOG] SystemI::createSoundInternal             : exinfo->inclusionlistnum   = 1
[LOG] SystemI::createSoundInternal             : exinfo->suggestedsoundtype = 5
[LOG] SystemI::createSoundInternal             : exinfo->useropen           = 00007FF8C8395130
[LOG] SystemI::createSoundInternal             : exinfo->userclose          = 00007FF8C8395100
[LOG] SystemI::createSoundInternal             : exinfo->userread           = 00007FF8C8395200
[LOG] SystemI::createSoundInternal             : exinfo->userseek           = 00007FF8C83952B0
[LOG] SystemI::createSoundInternal             : exinfo->fileuserdata       = 000002068B9618E8
[LOG] SystemI::createSoundInternal             : exinfo->initialseekpostype = 1
[LOG] SystemI::createSoundInternal             : Format has 1 subsounds.
[LOG] SystemI::createSoundInternal             : Create as FMOD_CREATESAMPLE
[LOG] SystemI::createSoundInternal             : Multi-sample sound (1 subsounds), create a sample container.
[LOG] SystemI::createSoundInternal             : creating subsound 0/1
[LOG] SystemI::createSample                    : mode 02000202 length 471040 samples, lengthbytes 117920
[LOG] SystemI::createSample                    : channels = 2
[LOG] SystemI::createSample                    : output = 00000205B78ADE48
[LOG] OutputSoftware::createSample             : lengthpcm 471040, lengthbytes 117920, channels 2, format 2, freq 48000, mode 0200020a
[LOG] SystemI::createSoundInternal             : No name found in file, use filename.
[LOG] SystemI::createSoundInternal             : done.  OpenState now = FMOD_OPENSTATE_READY.

[LOG] SystemI::createSoundInternal             : filename =  : mode 02000202
[LOG] SystemI::createSoundInternal             : exinfo->cbsize             = 232
[LOG] SystemI::createSoundInternal             : exinfo->length             = 16973312
[LOG] SystemI::createSoundInternal             : exinfo->fileoffset         = 51584
[LOG] SystemI::createSoundInternal             : exinfo->numsubsounds       = 1
[LOG] SystemI::createSoundInternal             : exinfo->inclusionlist      = 00000047E83FFAC8
[LOG] SystemI::createSoundInternal             : exinfo->inclusionlistnum   = 1
[LOG] SystemI::createSoundInternal             : exinfo->suggestedsoundtype = 5
[LOG] SystemI::createSoundInternal             : exinfo->useropen           = 00007FF8C8395130
[LOG] SystemI::createSoundInternal             : exinfo->userclose          = 00007FF8C8395100
[LOG] SystemI::createSoundInternal             : exinfo->userread           = 00007FF8C8395200
[LOG] SystemI::createSoundInternal             : exinfo->userseek           = 00007FF8C83952B0
[LOG] SystemI::createSoundInternal             : exinfo->fileuserdata       = 000002068B9618E8
[LOG] SystemI::createSoundInternal             : exinfo->initialseekpostype = 1
[LOG] SystemI::createSoundInternal             : Format has 1 subsounds.
[LOG] SystemI::createSoundInternal             : Create as FMOD_CREATESAMPLE
[LOG] SystemI::createSoundInternal             : Multi-sample sound (1 subsounds), create a sample container.
[LOG] SystemI::createSoundInternal             : creating subsound 0/1
[LOG] SystemI::createSample                    : mode 02000202 length 144000 samples, lengthbytes 40576
[LOG] SystemI::createSample                    : channels = 2
[LOG] SystemI::createSample                    : output = 00000205B78ADE48
[LOG] OutputSoftware::createSample             : lengthpcm 144000, lengthbytes 40576, channels 2, format 2, freq 48000, mode 0200020a
[LOG] SystemI::createSoundInternal             : No name found in file, use filename.
[LOG] SystemI::createSoundInternal             : done.  OpenState now = FMOD_OPENSTATE_READY.

[LOG] SystemI::createSoundInternal             : filename =  : mode 02000202
[LOG] SystemI::createSoundInternal             : exinfo->cbsize             = 232
[LOG] SystemI::createSoundInternal             : exinfo->length             = 16973312
[LOG] SystemI::createSoundInternal             : exinfo->fileoffset         = 51584
[LOG] SystemI::createSoundInternal             : exinfo->numsubsounds       = 1
[LOG] SystemI::createSoundInternal             : exinfo->inclusionlist      = 00000047E83FFAC8
[LOG] SystemI::createSoundInternal             : exinfo->inclusionlistnum   = 1
[LOG] SystemI::createSoundInternal             : exinfo->suggestedsoundtype = 5
[LOG] SystemI::createSoundInternal             : exinfo->useropen           = 00007FF8C8395130
[LOG] SystemI::createSoundInternal             : exinfo->userclose          = 00007FF8C8395100
[LOG] SystemI::createSoundInternal             : exinfo->userread           = 00007FF8C8395200
[LOG] SystemI::createSoundInternal             : exinfo->userseek           = 00007FF8C83952B0
[LOG] SystemI::createSoundInternal             : exinfo->fileuserdata       = 000002068B9618E8
[LOG] SystemI::createSoundInternal             : exinfo->initialseekpostype = 1
[LOG] SystemI::createSoundInternal             : Format has 1 subsounds.
[LOG] SystemI::createSoundInternal             : Create as FMOD_CREATESAMPLE
[LOG] SystemI::createSoundInternal             : Multi-sample sound (1 subsounds), create a sample container.
[LOG] SystemI::createSoundInternal             : creating subsound 0/1
[LOG] SystemI::createSample                    : mode 02000202 length 401408 samples, lengthbytes 108096
[LOG] SystemI::createSample                    : channels = 2
[LOG] SystemI::createSample                    : output = 00000205B78ADE48
[LOG] OutputSoftware::createSample             : lengthpcm 401408, lengthbytes 108096, channels 2, format 2, freq 48000, mode 0200020a
[LOG] SystemI::createSoundInternal             : No name found in file, use filename.
[LOG] SystemI::createSoundInternal             : done.  OpenState now = FMOD_OPENSTATE_READY.

[LOG] SystemI::createSoundInternal             : filename =  : mode 02000202
[LOG] SystemI::createSoundInternal             : exinfo->cbsize             = 232
[LOG] SystemI::createSoundInternal             : exinfo->length             = 16973312
[LOG] SystemI::createSoundInternal             : exinfo->fileoffset         = 51584
[LOG] SystemI::createSoundInternal             : exinfo->numsubsounds       = 1
[LOG] SystemI::createSoundInternal             : exinfo->inclusionlist      = 00000047E83FFAC8
[LOG] SystemI::createSoundInternal             : exinfo->inclusionlistnum   = 1
[LOG] SystemI::createSoundInternal             : exinfo->suggestedsoundtype = 5
[LOG] SystemI::createSoundInternal             : exinfo->useropen           = 00007FF8C8395130
[LOG] SystemI::createSoundInternal             : exinfo->userclose          = 00007FF8C8395100
[LOG] SystemI::createSoundInternal             : exinfo->userread           = 00007FF8C8395200
[LOG] SystemI::createSoundInternal             : exinfo->userseek           = 00007FF8C83952B0
[LOG] SystemI::createSoundInternal             : exinfo->fileuserdata       = 000002068B9618E8
[LOG] SystemI::createSoundInternal             : exinfo->initialseekpostype = 1
[LOG] SystemI::createSoundInternal             : Format has 1 subsounds.
[LOG] SystemI::createSoundInternal             : Create as FMOD_CREATESAMPLE
[LOG] SystemI::createSoundInternal             : Multi-sample sound (1 subsounds), create a sample container.
[LOG] SystemI::createSoundInternal             : creating subsound 0/1
[LOG] SystemI::createSample                    : mode 02000202 length 157952 samples, lengthbytes 41376
[LOG] SystemI::createSample                    : channels = 2
[LOG] SystemI::createSample                    : output = 00000205B78ADE48
[LOG] OutputSoftware::createSample             : lengthpcm 157952, lengthbytes 41376, channels 2, format 2, freq 48000, mode 0200020a
[LOG] SystemI::createSoundInternal             : No name found in file, use filename.
[LOG] SystemI::createSoundInternal             : done.  OpenState now = FMOD_OPENSTATE_READY.

[LOG] SystemI::createSoundInternal             : filename =  : mode 02000202
[LOG] SystemI::createSoundInternal             : exinfo->cbsize             = 232
[LOG] SystemI::createSoundInternal             : exinfo->length             = 16973312
[LOG] SystemI::createSoundInternal             : exinfo->fileoffset         = 51584
[LOG] SystemI::createSoundInternal             : exinfo->numsubsounds       = 1
[LOG] SystemI::createSoundInternal             : exinfo->inclusionlist      = 00000047E83FFAC8
[LOG] SystemI::createSoundInternal             : exinfo->inclusionlistnum   = 1
[LOG] SystemI::createSoundInternal             : exinfo->suggestedsoundtype = 5
[LOG] SystemI::createSoundInternal             : exinfo->useropen           = 00007FF8C8395130
[LOG] SystemI::createSoundInternal             : exinfo->userclose          = 00007FF8C8395100
[LOG] SystemI::createSoundInternal             : exinfo->userread           = 00007FF8C8395200
[LOG] SystemI::createSoundInternal             : exinfo->userseek           = 00007FF8C83952B0
[LOG] SystemI::createSoundInternal             : exinfo->fileuserdata       = 000002068B9618E8
[LOG] SystemI::createSoundInternal             : exinfo->initialseekpostype = 1
[LOG] SystemI::createSoundInternal             : Format has 1 subsounds.
[LOG] SystemI::createSoundInternal             : Create as FMOD_CREATESAMPLE
[LOG] SystemI::createSoundInternal             : Multi-sample sound (1 subsounds), create a sample container.
[LOG] SystemI::createSoundInternal             : creating subsound 0/1
[LOG] SystemI::createSample                    : mode 02000202 length 71680 samples, lengthbytes 20128
[LOG] SystemI::createSample                    : channels = 2
[LOG] SystemI::createSample                    : output = 00000205B78ADE48
[LOG] OutputSoftware::createSample             : lengthpcm 71680, lengthbytes 20128, channels 2, format 2, freq 48000, mode 0200020a
[LOG] SystemI::createSoundInternal             : No name found in file, use filename.
[LOG] SystemI::createSoundInternal             : done.  OpenState now = FMOD_OPENSTATE_READY.

[LOG] SystemI::createSoundInternal             : filename =  : mode 02000202
[LOG] SystemI::createSoundInternal             : exinfo->cbsize             = 232
[LOG] SystemI::createSoundInternal             : exinfo->length             = 16973312
[LOG] SystemI::createSoundInternal             : exinfo->fileoffset         = 51584
[LOG] SystemI::createSoundInternal             : exinfo->numsubsounds       = 1
[LOG] SystemI::createSoundInternal             : exinfo->inclusionlist      = 00000047E83FFAC8
[LOG] SystemI::createSoundInternal             : exinfo->inclusionlistnum   = 1
[LOG] SystemI::createSoundInternal             : exinfo->suggestedsoundtype = 5
[LOG] SystemI::createSoundInternal             : exinfo->useropen           = 00007FF8C8395130
[LOG] SystemI::createSoundInternal             : exinfo->userclose          = 00007FF8C8395100
[LOG] SystemI::createSoundInternal             : exinfo->userread           = 00007FF8C8395200
[LOG] SystemI::createSoundInternal             : exinfo->userseek           = 00007FF8C83952B0
[LOG] SystemI::createSoundInternal             : exinfo->fileuserdata       = 000002068B9618E8
[LOG] SystemI::createSoundInternal             : exinfo->initialseekpostype = 1
[LOG] SystemI::createSoundInternal             : Format has 1 subsounds.
[LOG] SystemI::createSoundInternal             : Create as FMOD_CREATESAMPLE
[LOG] SystemI::createSoundInternal             : Multi-sample sound (1 subsounds), create a sample container.
[LOG] SystemI::createSoundInternal             : creating subsound 0/1
[LOG] SystemI::createSample                    : mode 02000202 length 408000 samples, lengthbytes 128352
[LOG] SystemI::createSample                    : channels = 2
[LOG] SystemI::createSample                    : output = 00000205B78ADE48
[LOG] OutputSoftware::createSample             : lengthpcm 408000, lengthbytes 128352, channels 2, format 2, freq 48000, mode 0200020a
[LOG] SystemI::createSoundInternal             : No name found in file, use filename.
[LOG] SystemI::createSoundInternal             : done.  OpenState now = FMOD_OPENSTATE_READY.

[LOG] SystemI::createSoundInternal             : filename =  : mode 02000202
[LOG] SystemI::createSoundInternal             : exinfo->cbsize             = 232
[LOG] SystemI::createSoundInternal             : exinfo->length             = 16973312
[LOG] SystemI::createSoundInternal             : exinfo->fileoffset         = 51584
[LOG] SystemI::createSoundInternal             : exinfo->numsubsounds       = 1
[LOG] SystemI::createSoundInternal             : exinfo->inclusionlist      = 00000047E83FFAC8
[LOG] SystemI::createSoundInternal             : exinfo->inclusionlistnum   = 1
[LOG] SystemI::createSoundInternal             : exinfo->suggestedsoundtype = 5
[LOG] SystemI::createSoundInternal             : exinfo->useropen           = 00007FF8C8395130
[LOG] SystemI::createSoundInternal             : exinfo->userclose          = 00007FF8C8395100
[LOG] SystemI::createSoundInternal             : exinfo->userread           = 00007FF8C8395200
[LOG] SystemI::createSoundInternal             : exinfo->userseek           = 00007FF8C83952B0
[LOG] SystemI::createSoundInternal             : exinfo->fileuserdata       = 000002068B9618E8
[LOG] SystemI::createSoundInternal             : exinfo->initialseekpostype = 1
[LOG] SystemI::createSoundInternal             : Format has 1 subsounds.
[LOG] SystemI::createSoundInternal             : Create as FMOD_CREATESAMPLE
[LOG] SystemI::createSoundInternal             : Multi-sample sound (1 subsounds), create a sample container.
[LOG] SystemI::createSoundInternal             : creating subsound 0/1
[LOG] SystemI::createSample                    : mode 02000202 length 96000 samples, lengthbytes 31488
[LOG] SystemI::createSample                    : channels = 2
[LOG] SystemI::createSample                    : output = 00000205B78ADE48
[LOG] OutputSoftware::createSample             : lengthpcm 96000, lengthbytes 31488, channels 2, format 2, freq 48000, mode 0200020a
[LOG] SystemI::createSoundInternal             : No name found in file, use filename.
[LOG] SystemI::createSoundInternal             : done.  OpenState now = FMOD_OPENSTATE_READY.

[LOG] SystemI::createSoundInternal             : filename =  : mode 02000202
[LOG] SystemI::createSoundInternal             : exinfo->cbsize             = 232
[LOG] SystemI::createSoundInternal             : exinfo->length             = 16973312
[LOG] SystemI::createSoundInternal             : exinfo->fileoffset         = 51584
[LOG] SystemI::createSoundInternal             : exinfo->numsubsounds       = 1
[LOG] SystemI::createSoundInternal             : exinfo->inclusionlist      = 00000047E83FFAC8
[LOG] SystemI::createSoundInternal             : exinfo->inclusionlistnum   = 1
[LOG] SystemI::createSoundInternal             : exinfo->suggestedsoundtype = 5
[LOG] SystemI::createSoundInternal             : exinfo->useropen           = 00007FF8C8395130
[LOG] SystemI::createSoundInternal             : exinfo->userclose          = 00007FF8C8395100
[LOG] SystemI::createSoundInternal             : exinfo->userread           = 00007FF8C8395200
[LOG] SystemI::createSoundInternal             : exinfo->userseek           = 00007FF8C83952B0
[LOG] SystemI::createSoundInternal             : exinfo->fileuserdata       = 000002068B9618E8
[LOG] SystemI::createSoundInternal             : exinfo->initialseekpostype = 1
[LOG] SystemI::createSoundInternal             : Format has 1 subsounds.
[LOG] SystemI::createSoundInternal             : Create as FMOD_CREATESAMPLE
[LOG] SystemI::createSoundInternal             : Multi-sample sound (1 subsounds), create a sample container.
[LOG] SystemI::createSoundInternal             : creating subsound 0/1
[LOG] SystemI::createSample                    : mode 02000202 length 133120 samples, lengthbytes 45984
[LOG] SystemI::createSample                    : channels = 2
[LOG] SystemI::createSample                    : output = 00000205B78ADE48
[LOG] OutputSoftware::createSample             : lengthpcm 133120, lengthbytes 45984, channels 2, format 2, freq 48000, mode 0200020a
[LOG] SystemI::createSoundInternal             : No name found in file, use filename.
[LOG] SystemI::createSoundInternal             : done.  OpenState now = FMOD_OPENSTATE_READY.

[LOG] SystemI::createSoundInternal             : filename =  : mode 02000202
[LOG] SystemI::createSoundInternal             : exinfo->cbsize             = 232
[LOG] SystemI::createSoundInternal             : exinfo->length             = 16973312
[LOG] SystemI::createSoundInternal             : exinfo->fileoffset         = 51584
[LOG] SystemI::createSoundInternal             : exinfo->numsubsounds       = 1
[LOG] SystemI::createSoundInternal             : exinfo->inclusionlist      = 00000047E83FFAC8
[LOG] SystemI::createSoundInternal             : exinfo->inclusionlistnum   = 1
[LOG] SystemI::createSoundInternal             : exinfo->suggestedsoundtype = 5
[LOG] SystemI::createSoundInternal             : exinfo->useropen           = 00007FF8C8395130
[LOG] SystemI::createSoundInternal             : exinfo->userclose          = 00007FF8C8395100
[LOG] SystemI::createSoundInternal             : exinfo->userread           = 00007FF8C8395200
[LOG] SystemI::createSoundInternal             : exinfo->userseek           = 00007FF8C83952B0
[LOG] SystemI::createSoundInternal             : exinfo->fileuserdata       = 000002068B9618E8
[LOG] SystemI::createSoundInternal             : exinfo->initialseekpostype = 1
[LOG] SystemI::createSoundInternal             : Format has 1 subsounds.
[LOG] SystemI::createSoundInternal             : Create as FMOD_CREATESAMPLE
[LOG] SystemI::createSoundInternal             : Multi-sample sound (1 subsounds), create a sample container.
[LOG] SystemI::createSoundInternal             : creating subsound 0/1
[LOG] SystemI::createSample                    : mode 02000202 length 315392 samples, lengthbytes 81536
[LOG] SystemI::createSample                    : channels = 2
[LOG] SystemI::createSample                    : output = 00000205B78ADE48
[LOG] OutputSoftware::createSample             : lengthpcm 315392, lengthbytes 81536, channels 2, format 2, freq 48000, mode 0200020a
[LOG] SystemI::createSoundInternal             : No name found in file, use filename.
[LOG] SystemI::createSoundInternal             : done.  OpenState now = FMOD_OPENSTATE_READY.

[LOG] SystemI::createSoundInternal             : filename =  : mode 02000202
[LOG] SystemI::createSoundInternal             : exinfo->cbsize             = 232
[LOG] SystemI::createSoundInternal             : exinfo->length             = 16973312
[LOG] SystemI::createSoundInternal             : exinfo->fileoffset         = 51584
[LOG] SystemI::createSoundInternal             : exinfo->numsubsounds       = 1
[LOG] SystemI::createSoundInternal             : exinfo->inclusionlist      = 00000047E83FFAC8
[LOG] SystemI::createSoundInternal             : exinfo->inclusionlistnum   = 1
[LOG] SystemI::createSoundInternal             : exinfo->suggestedsoundtype = 5
[LOG] SystemI::createSoundInternal             : exinfo->useropen           = 00007FF8C8395130
[LOG] SystemI::createSoundInternal             : exinfo->userclose          = 00007FF8C8395100
[LOG] SystemI::createSoundInternal             : exinfo->userread           = 00007FF8C8395200
[LOG] SystemI::createSoundInternal             : exinfo->userseek           = 00007FF8C83952B0
[LOG] SystemI::createSoundInternal             : exinfo->fileuserdata       = 000002068B9618E8
[LOG] SystemI::createSoundInternal             : exinfo->initialseekpostype = 1
[LOG] SystemI::createSoundInternal             : Format has 1 subsounds.
[LOG] SystemI::createSoundInternal             : Create as FMOD_CREATESAMPLE
[LOG] SystemI::createSoundInternal             : Multi-sample sound (1 subsounds), create a sample container.
[LOG] SystemI::createSoundInternal             : creating subsound 0/1
[LOG] SystemI::createSample                    : mode 02000202 length 25600 samples, lengthbytes 6912
[LOG] SystemI::createSample                    : channels = 2
[LOG] SystemI::createSample                    : output = 00000205B78ADE48
[LOG] OutputSoftware::createSample             : lengthpcm 25600, lengthbytes 6912, channels 2, format 2, freq 48000, mode 0200020a
[LOG] SystemI::createSoundInternal             : No name found in file, use filename.
[LOG] SystemI::createSoundInternal             : done.  OpenState now = FMOD_OPENSTATE_READY.

[LOG] SystemI::createSoundInternal             : filename =  : mode 02000202
[LOG] SystemI::createSoundInternal             : exinfo->cbsize             = 232
[LOG] SystemI::createSoundInternal             : exinfo->length             = 16973312
[LOG] SystemI::createSoundInternal             : exinfo->fileoffset         = 51584
[LOG] SystemI::createSoundInternal             : exinfo->numsubsounds       = 1
[LOG] SystemI::createSoundInternal             : exinfo->inclusionlist      = 00000047E83FFAC8
[LOG] SystemI::createSoundInternal             : exinfo->inclusionlistnum   = 1
[LOG] SystemI::createSoundInternal             : exinfo->suggestedsoundtype = 5
[LOG] SystemI::createSoundInternal             : exinfo->useropen           = 00007FF8C8395130
[LOG] SystemI::createSoundInternal             : exinfo->userclose          = 00007FF8C8395100
[LOG] SystemI::createSoundInternal             : exinfo->userread           = 00007FF8C8395200
[LOG] SystemI::createSoundInternal             : exinfo->userseek           = 00007FF8C83952B0
[LOG] SystemI::createSoundInternal             : exinfo->fileuserdata       = 000002068B9618E8
[LOG] SystemI::createSoundInternal             : exinfo->initialseekpostype = 1
[LOG] SystemI::createSoundInternal             : Format has 1 subsounds.
[LOG] SystemI::createSoundInternal             : Create as FMOD_CREATESAMPLE
[LOG] SystemI::createSoundInternal             : Multi-sample sound (1 subsounds), create a sample container.
[LOG] SystemI::createSoundInternal             : creating subsound 0/1
[LOG] SystemI::createSample                    : mode 02000202 length 216000 samples, lengthbytes 64736
[LOG] SystemI::createSample                    : channels = 2
[LOG] SystemI::createSample                    : output = 00000205B78ADE48
[LOG] OutputSoftware::createSample             : lengthpcm 216000, lengthbytes 64736, channels 2, format 2, freq 48000, mode 0200020a
[LOG] SystemI::createSoundInternal             : No name found in file, use filename.
[LOG] SystemI::createSoundInternal             : done.  OpenState now = FMOD_OPENSTATE_READY.

[LOG] SystemI::createSoundInternal             : filename =  : mode 02000202
[LOG] SystemI::createSoundInternal             : exinfo->cbsize             = 232
[LOG] SystemI::createSoundInternal             : exinfo->length             = 16973312
[LOG] SystemI::createSoundInternal             : exinfo->fileoffset         = 51584
[LOG] SystemI::createSoundInternal             : exinfo->numsubsounds       = 1
[LOG] SystemI::createSoundInternal             : exinfo->inclusionlist      = 00000047E83FFAC8
[LOG] SystemI::createSoundInternal             : exinfo->inclusionlistnum   = 1
[LOG] SystemI::createSoundInternal             : exinfo->suggestedsoundtype = 5
[LOG] SystemI::createSoundInternal             : exinfo->useropen           = 00007FF8C8395130
[LOG] SystemI::createSoundInternal             : exinfo->userclose          = 00007FF8C8395100
[LOG] SystemI::createSoundInternal             : exinfo->userread           = 00007FF8C8395200
[LOG] SystemI::createSoundInternal             : exinfo->userseek           = 00007FF8C83952B0
[LOG] SystemI::createSoundInternal             : exinfo->fileuserdata       = 000002068B9618E8
[LOG] SystemI::createSoundInternal             : exinfo->initialseekpostype = 1
[LOG] SystemI::createSoundInternal             : Format has 1 subsounds.
[LOG] SystemI::createSoundInternal             : Create as FMOD_CREATESAMPLE
[LOG] SystemI::createSoundInternal             : Multi-sample sound (1 subsounds), create a sample container.
[LOG] SystemI::createSoundInternal             : creating subsound 0/1
[LOG] SystemI::createSample                    : mode 02000202 length 101376 samples, lengthbytes 27776
[LOG] SystemI::createSample                    : channels = 2
[LOG] SystemI::createSample                    : output = 00000205B78ADE48
[LOG] OutputSoftware::createSample             : lengthpcm 101376, lengthbytes 27776, channels 2, format 2, freq 48000, mode 0200020a
[LOG] SystemI::createSoundInternal             : No name found in file, use filename.
[LOG] SystemI::createSoundInternal             : done.  OpenState now = FMOD_OPENSTATE_READY.

[LOG] SystemI::createSoundInternal             : filename =  : mode 02000202
[LOG] SystemI::createSoundInternal             : exinfo->cbsize             = 232
[LOG] SystemI::createSoundInternal             : exinfo->length             = 16973312
[LOG] SystemI::createSoundInternal             : exinfo->fileoffset         = 51584
[LOG] SystemI::createSoundInternal             : exinfo->numsubsounds       = 1
[LOG] SystemI::createSoundInternal             : exinfo->inclusionlist      = 00000047E83FFAC8
[LOG] SystemI::createSoundInternal             : exinfo->inclusionlistnum   = 1
[LOG] SystemI::createSoundInternal             : exinfo->suggestedsoundtype = 5
[LOG] SystemI::createSoundInternal             : exinfo->useropen           = 00007FF8C8395130
[LOG] SystemI::createSoundInternal             : exinfo->userclose          = 00007FF8C8395100
[LOG] SystemI::createSoundInternal             : exinfo->userread           = 00007FF8C8395200
[LOG] SystemI::createSoundInternal             : exinfo->userseek           = 00007FF8C83952B0
[LOG] SystemI::createSoundInternal             : exinfo->fileuserdata       = 000002068B9618E8
[LOG] SystemI::createSoundInternal             : exinfo->initialseekpostype = 1
[LOG] SystemI::createSoundInternal             : Format has 1 subsounds.
[LOG] SystemI::createSoundInternal             : Create as FMOD_CREATESAMPLE
[LOG] SystemI::createSoundInternal             : Multi-sample sound (1 subsounds), create a sample container.
[LOG] SystemI::createSoundInternal             : creating subsound 0/1
[LOG] SystemI::createSample                    : mode 02000202 length 480000 samples, lengthbytes 144224
[LOG] SystemI::createSample                    : channels = 2
[LOG] SystemI::createSample                    : output = 00000205B78ADE48
[LOG] OutputSoftware::createSample             : lengthpcm 480000, lengthbytes 144224, channels 2, format 2, freq 48000, mode 0200020a
[LOG] SystemI::createSoundInternal             : No name found in file, use filename.
[LOG] SystemI::createSoundInternal             : done.  OpenState now = FMOD_OPENSTATE_READY.

[LOG] SystemI::createSoundInternal             : filename =  : mode 02000202
[LOG] SystemI::createSoundInternal             : exinfo->cbsize             = 232
[LOG] SystemI::createSoundInternal             : exinfo->length             = 16973312
[LOG] SystemI::createSoundInternal             : exinfo->fileoffset         = 51584
[LOG] SystemI::createSoundInternal             : exinfo->numsubsounds       = 1
[LOG] SystemI::createSoundInternal             : exinfo->inclusionlist      = 00000047E83FFAC8
[LOG] SystemI::createSoundInternal             : exinfo->inclusionlistnum   = 1
[LOG] SystemI::createSoundInternal             : exinfo->suggestedsoundtype = 5
[LOG] SystemI::createSoundInternal             : exinfo->useropen           = 00007FF8C8395130
[LOG] SystemI::createSoundInternal             : exinfo->userclose          = 00007FF8C8395100
[LOG] SystemI::createSoundInternal             : exinfo->userread           = 00007FF8C8395200
[LOG] SystemI::createSoundInternal             : exinfo->userseek           = 00007FF8C83952B0
[LOG] SystemI::createSoundInternal             : exinfo->fileuserdata       = 000002068B9618E8
[LOG] SystemI::createSoundInternal             : exinfo->initialseekpostype = 1
[LOG] SystemI::createSoundInternal             : Format has 1 subsounds.
[LOG] SystemI::createSoundInternal             : Create as FMOD_CREATESAMPLE
[LOG] SystemI::createSoundInternal             : Multi-sample sound (1 subsounds), create a sample container.
[LOG] SystemI::createSoundInternal             : creating subsound 0/1
[LOG] SystemI::createSample                    : mode 02000202 length 445184 samples, lengthbytes 129120
[LOG] SystemI::createSample                    : channels = 2
[LOG] SystemI::createSample                    : output = 00000205B78ADE48
[LOG] OutputSoftware::createSample             : lengthpcm 445184, lengthbytes 129120, channels 2, format 2, freq 48000, mode 0200020a
[LOG] SystemI::createSoundInternal             : No name found in file, use filename.
[LOG] SystemI::createSoundInternal             : done.  OpenState now = FMOD_OPENSTATE_READY.

[LOG] SystemI::createSoundInternal             : filename =  : mode 02000202
[LOG] SystemI::createSoundInternal             : exinfo->cbsize             = 232
[LOG] SystemI::createSoundInternal             : exinfo->length             = 16973312
[LOG] SystemI::createSoundInternal             : exinfo->fileoffset         = 51584
[LOG] SystemI::createSoundInternal             : exinfo->numsubsounds       = 1
[LOG] SystemI::createSoundInternal             : exinfo->inclusionlist      = 00000047E83FFAC8
[LOG] SystemI::createSoundInternal             : exinfo->inclusionlistnum   = 1
[LOG] SystemI::createSoundInternal             : exinfo->suggestedsoundtype = 5
[LOG] SystemI::createSoundInternal             : exinfo->useropen           = 00007FF8C8395130
[LOG] SystemI::createSoundInternal             : exinfo->userclose          = 00007FF8C8395100
[LOG] SystemI::createSoundInternal             : exinfo->userread           = 00007FF8C8395200
[LOG] SystemI::createSoundInternal             : exinfo->userseek           = 00007FF8C83952B0
[LOG] SystemI::createSoundInternal             : exinfo->fileuserdata       = 000002068B9618E8
[LOG] SystemI::createSoundInternal             : exinfo->initialseekpostype = 1
[LOG] SystemI::createSoundInternal             : Format has 1 subsounds.
[LOG] SystemI::createSoundInternal             : Create as FMOD_CREATESAMPLE
[LOG] SystemI::createSoundInternal             : Multi-sample sound (1 subsounds), create a sample container.
[LOG] SystemI::createSoundInternal             : creating subsound 0/1
[LOG] SystemI::createSample                    : mode 02000202 length 53248 samples, lengthbytes 14976
[LOG] SystemI::createSample                    : channels = 2
[LOG] SystemI::createSample                    : output = 00000205B78ADE48
[LOG] OutputSoftware::createSample             : lengthpcm 53248, lengthbytes 14976, channels 2, format 2, freq 48000, mode 0200020a
[LOG] SystemI::createSoundInternal             : No name found in file, use filename.
[LOG] SystemI::createSoundInternal             : done.  OpenState now = FMOD_OPENSTATE_READY.

[LOG] SystemI::createSoundInternal             : filename =  : mode 02000202
[LOG] SystemI::createSoundInternal             : exinfo->cbsize             = 232
[LOG] SystemI::createSoundInternal             : exinfo->length             = 16973312
[LOG] SystemI::createSoundInternal             : exinfo->fileoffset         = 51584
[LOG] SystemI::createSoundInternal             : exinfo->numsubsounds       = 1
[LOG] SystemI::createSoundInternal             : exinfo->inclusionlist      = 00000047E83FFAC8
[LOG] SystemI::createSoundInternal             : exinfo->inclusionlistnum   = 1
[LOG] SystemI::createSoundInternal             : exinfo->suggestedsoundtype = 5
[LOG] SystemI::createSoundInternal             : exinfo->useropen           = 00007FF8C8395130
[LOG] SystemI::createSoundInternal             : exinfo->userclose          = 00007FF8C8395100
[LOG] SystemI::createSoundInternal             : exinfo->userread           = 00007FF8C8395200
[LOG] SystemI::createSoundInternal             : exinfo->userseek           = 00007FF8C83952B0
[LOG] SystemI::createSoundInternal             : exinfo->fileuserdata       = 000002068B9618E8
[LOG] SystemI::createSoundInternal             : exinfo->initialseekpostype = 1
[LOG] SystemI::createSoundInternal             : Format has 1 subsounds.
[LOG] SystemI::createSoundInternal             : Create as FMOD_CREATESAMPLE
[LOG] SystemI::createSoundInternal             : Multi-sample sound (1 subsounds), create a sample container.
[LOG] SystemI::createSoundInternal             : creating subsound 0/1
[LOG] SystemI::createSample                    : mode 02000202 length 384000 samples, lengthbytes 102336
[LOG] SystemI::createSample                    : channels = 2
[LOG] SystemI::createSample                    : output = 00000205B78ADE48
[LOG] OutputSoftware::createSample             : lengthpcm 384000, lengthbytes 102336, channels 2, format 2, freq 48000, mode 0200020a
[LOG] SystemI::createSoundInternal             : No name found in file, use filename.
[LOG] SystemI::createSoundInternal             : done.  OpenState now = FMOD_OPENSTATE_READY.

[LOG] SystemI::createSound                     : filename = FMODAssets/Desktop/Master Bank.bank : mode 02010082
[LOG] SystemI::createSound                     : FMOD_NONBLOCKING specified.  Putting into queue to be opened asynchronously!
[LOG] Thread::initThread                       : Initializing FMOD nonblocking thread (0).  priority 1
[LOG] Thread::initThread                       : - Stacksize 81920.  Stack pointer 0000000000000000 : usesemaphore = 1 : sleeptime = 0
[LOG] Thread::callback                         : * FMOD nonblocking thread (0) started
[LOG] SystemI::createSound                     : setdata soundi = 000002068B895408 : node = 000002040678B430
[LOG] SystemI::createSound                     : add node to async list : head = 00000205C295A578.  list count = 0
[LOG] AsyncThread::threadFunc                  : Starting Asynchronous operation on sound 000002068B895408
[LOG] SystemI::createSoundInternal             :     filename = FMODAssets/Desktop/Master Bank.bank : mode 02010082
[LOG] SystemI::createSoundInternal             :     exinfo->cbsize             = 232
[LOG] SystemI::createSoundInternal             :     exinfo->length             = 16973312
[LOG] SystemI::createSoundInternal             :     exinfo->fileoffset         = 51584
[LOG] SystemI::createSoundInternal             :     exinfo->numsubsounds       = 1
[LOG] SystemI::createSoundInternal             :     exinfo->inclusionlist      = 000002040678B548
[LOG] SystemI::createSoundInternal             :     exinfo->inclusionlistnum   = 1
[LOG] SystemI::createSoundInternal             :     exinfo->suggestedsoundtype = 5
[LOG] SystemI::createSoundInternal             :     exinfo->initialseekpostype = 1
[LOG] SystemI::createSoundInternal             :     Format has 1 subsounds.
[LOG] SystemI::createSoundInternal             :     Create as FMOD_CREATESTREAM
[LOG] System::createSoundInternal              :     decode buffersize = 19200 : blocksize = 256 : format = 2
[LOG] SystemI::createSample                    :     mode 02010082 length 19200 samples, lengthbytes 771104
[LOG] SystemI::createSample                    :     channels = 2
[LOG] SystemI::createSample                    :     output = 00000205B78ADE48
[LOG] OutputSoftware::createSample             :     lengthpcm 19200, lengthbytes 771104, channels 2, format 2, freq 48000, mode 0201008a
[LOG] System::createSoundInternal              :     1 subsounds detected.
[LOG] System::createSoundInternal              :     Seek stream to start
[LOG] System::createSoundInternal              :     flush stream buffer
[LOG] System::createSoundInternal              :     flush successful.
[LOG] System::createSoundInternal              :     switch file handle from small blocking single buffered to large nonblocking doublebuffered.
[LOG] Thread::initThread                       :         Initializing FMOD file thread.  priority 1
[LOG] Thread::initThread                       :         - Stacksize 16384.  Stack pointer 0000000000000000 : usesemaphore = 0 : sleeptime = 10
[LOG] Thread::callback                         :         * FMOD file thread started
[LOG] SystemI::createSoundInternal             :     done.  OpenState now = FMOD_OPENSTATE_READY.

[LOG] AsyncThread::threadFunc                  : Finished Asynchronous operation on sound 000002068B895408
[LOG] SoundI::getSubSound                      : sound 000002068B895408.  Subsound index 0 / 1
[WRN] ChannelI::forceVirtual                   : Ignoring force virtual since channel just went real
[WRN] ChannelI::forceVirtual                   : Ignoring force virtual since channel just went real
[WRN] ChannelI::forceVirtual                   : Ignoring force virtual since channel just went real
[WRN] ChannelI::forceVirtual                   : Ignoring force virtual since channel just went real
[LOG] AsyncThread::threadFunc                  : Starting Asynchronous operation on sound 00000205B793FFF8
[LOG] AsyncThread::threadFunc                  : Finished Asynchronous operation on sound 00000205B793FFF8
[LOG] SystemI::createSound                     : filename = FMODAssets/Desktop/Master Bank.bank : mode 02010082
[LOG] SystemI::createSound                     : FMOD_NONBLOCKING specified.  Putting into queue to be opened asynchronously!
[LOG] SystemI::createSound                     : setdata soundi = 000002068B8950C8 : node = 000002040678B580
[LOG] SystemI::createSound                     : add node to async list : head = 00000205C295A578.  list count = 0
[LOG] AsyncThread::threadFunc                  : Starting Asynchronous operation on sound 000002068B8950C8
[LOG] SystemI::createSoundInternal             :     filename = FMODAssets/Desktop/Master Bank.bank : mode 02010082
[LOG] SystemI::createSoundInternal             :     exinfo->cbsize             = 232
[LOG] SystemI::createSoundInternal             :     exinfo->length             = 16973312
[LOG] SystemI::createSoundInternal             :     exinfo->fileoffset         = 51584
[LOG] SystemI::createSoundInternal             :     exinfo->numsubsounds       = 1
[LOG] SystemI::createSoundInternal             :     exinfo->inclusionlist      = 000002040678B698
[LOG] SystemI::createSoundInternal             :     exinfo->inclusionlistnum   = 1
[LOG] SystemI::createSoundInternal             :     exinfo->suggestedsoundtype = 5
[LOG] SystemI::createSoundInternal             :     exinfo->initialseekpostype = 1
[LOG] SystemI::createSoundInternal             :     Format has 1 subsounds.
[LOG] SystemI::createSoundInternal             :     Create as FMOD_CREATESTREAM
[LOG] System::createSoundInternal              :     decode buffersize = 19200 : blocksize = 256 : format = 2
[LOG] SystemI::createSample                    :     mode 02010082 length 19200 samples, lengthbytes 239936
[LOG] SystemI::createSample                    :     channels = 2
[LOG] SystemI::createSample                    :     output = 00000205B78ADE48
[LOG] OutputSoftware::createSample             :     lengthpcm 19200, lengthbytes 239936, channels 2, format 2, freq 48000, mode 0201008a
[LOG] System::createSoundInternal              :     1 subsounds detected.
[LOG] System::createSoundInternal              :     Seek stream to start
[LOG] System::createSoundInternal              :     flush stream buffer
[LOG] System::createSoundInternal              :     flush successful.
[LOG] System::createSoundInternal              :     switch file handle from small blocking single buffered to large nonblocking doublebuffered.
[LOG] SystemI::createSoundInternal             :     done.  OpenState now = FMOD_OPENSTATE_READY.

[LOG] AsyncThread::threadFunc                  : Finished Asynchronous operation on sound 000002068B8950C8
[LOG] SoundI::getSubSound                      : sound 000002068B8950C8.  Subsound index 0 / 1
[LOG] SystemI::createSound                     : filename = FMODAssets/Desktop/Master Bank.bank : mode 02010082
[LOG] SystemI::createSound                     : FMOD_NONBLOCKING specified.  Putting into queue to be opened asynchronously!
[LOG] SystemI::createSound                     : setdata soundi = 00000205B8DF33B8 : node = 00000206C0D7F250
[LOG] SystemI::createSound                     : add node to async list : head = 00000205C295A578.  list count = 0
[LOG] AsyncThread::threadFunc                  : Starting Asynchronous operation on sound 00000205B8DF33B8
[LOG] SystemI::createSoundInternal             :     filename = FMODAssets/Desktop/Master Bank.bank : mode 02010082
[LOG] SystemI::createSoundInternal             :     exinfo->cbsize             = 232
[LOG] SystemI::createSoundInternal             :     exinfo->length             = 16973312
[LOG] SystemI::createSoundInternal             :     exinfo->fileoffset         = 51584
[LOG] SystemI::createSoundInternal             :     exinfo->numsubsounds       = 1
[LOG] SystemI::createSoundInternal             :     exinfo->inclusionlist      = 00000206C0D7F368
[LOG] SystemI::createSoundInternal             :     exinfo->inclusionlistnum   = 1
[LOG] SystemI::createSoundInternal             :     exinfo->suggestedsoundtype = 5
[LOG] SystemI::createSoundInternal             :     exinfo->initialseekpostype = 1
[LOG] SystemI::createSoundInternal             :     Format has 1 subsounds.
[LOG] SystemI::createSoundInternal             :     Create as FMOD_CREATESTREAM
[LOG] System::createSoundInternal              :     decode buffersize = 19200 : blocksize = 256 : format = 2
[LOG] SystemI::createSample                    :     mode 02010082 length 19200 samples, lengthbytes 142560
[LOG] SystemI::createSample                    :     channels = 2
[LOG] SystemI::createSample                    :     output = 00000205B78ADE48
[LOG] OutputSoftware::createSample             :     lengthpcm 19200, lengthbytes 142560, channels 2, format 2, freq 48000, mode 0201008a
[LOG] System::createSoundInternal              :     1 subsounds detected.
[LOG] System::createSoundInternal              :     Seek stream to start
[LOG] System::createSoundInternal              :     flush stream buffer
[LOG] System::createSoundInternal              :     flush successful.
[LOG] System::createSoundInternal              :     switch file handle from small blocking single buffered to large nonblocking doublebuffered.
[LOG] SystemI::createSoundInternal             :     done.  OpenState now = FMOD_OPENSTATE_READY.

[LOG] AsyncThread::threadFunc                  : Finished Asynchronous operation on sound 00000205B8DF33B8
[LOG] SoundI::getSubSound                      : sound 00000205B8DF33B8.  Subsound index 0 / 1
[LOG] SoundI::release                          :  (00000205E327CD18)
[LOG] SoundI::release                          : release subsounds. (00000205E327CD18)
[LOG] SoundI::release                          :     nature_frog-calm_1 (00000205C2175B78)
[LOG] SoundI::release                          : release codec. (00000205E327CD18)
[LOG] SoundI::release                          :  (00000205E32817D8)
[LOG] SoundI::release                          : release subsounds. (00000205E32817D8)
[LOG] SoundI::release                          :     nature_katydid_1 (00000205C2175218)
[LOG] SoundI::release                          : release codec. (00000205E32817D8)
[LOG] SoundI::release                          :  (00000205E3280808)
[LOG] SoundI::release                          : release subsounds. (00000205E3280808)
[LOG] SoundI::release                          :     nature_katydid_2 (0000020705EE3088)
[LOG] SoundI::release                          : release codec. (00000205E3280808)
[LOG] SoundI::release                          :  (00000205E32800D8)
[LOG] SoundI::release                          : release subsounds. (00000205E32800D8)
[LOG] SoundI::release                          :     nature_katydid_3 (00000206C0C99D18)
[LOG] SoundI::release                          : release codec. (00000205E32800D8)
[LOG] SoundI::release                          :  (00000205E327CBA8)
[LOG] SoundI::release                          : release subsounds. (00000205E327CBA8)
[LOG] SoundI::release                          :     nature_katydid_4 (00000205C2175538)
[LOG] SoundI::release                          : release codec. (00000205E327CBA8)
[LOG] SoundI::release                          :  (00000205E327FDF8)
[LOG] SoundI::release                          : release subsounds. (00000205E327FDF8)
[LOG] SoundI::release                          :     nature_katydid_5 (00000206C0C99B88)
[LOG] SoundI::release                          : release codec. (00000205E327FDF8)
[LOG] SoundI::release                          :  (00000205E327E418)
[LOG] SoundI::release                          : release subsounds. (00000205E327E418)
[LOG] SoundI::release                          :     windgust_2 (00000206C0C99548)
[LOG] SoundI::release                          : release codec. (00000205E327E418)
[LOG] SoundI::release                          :  (00000205E3280C58)
[LOG] SoundI::release                          : release subsounds. (00000205E3280C58)
[LOG] SoundI::release                          :     bird_mallard_3 (00000205C21759E8)
[LOG] SoundI::release                          : release codec. (00000205E3280C58)
[LOG] SoundI::release                          :  (00000205E3280DC8)
[LOG] SoundI::release                          : release subsounds. (00000205E3280DC8)
[LOG] SoundI::release                          :     bird_mallard_4 (0000020705EE2598)
[LOG] SoundI::release                          : release codec. (00000205E3280DC8)
[LOG] SoundI::release                          :  (00000205E327D448)
[LOG] SoundI::release                          : release subsounds. (00000205E327D448)
[LOG] SoundI::release                          :     bird_nightingale_1 (0000020705EE2D68)
[LOG] SoundI::release                          : release codec. (00000205E327D448)
[LOG] SoundI::release                          :  (00000205E327E868)
[LOG] SoundI::release                          : release subsounds. (00000205E327E868)
[LOG] SoundI::release                          :     bird_nightingale_2 (0000020705EE2EF8)
[LOG] SoundI::release                          : release codec. (00000205E327E868)
[LOG] SoundI::release                          :  (00000205E3280AE8)
[LOG] SoundI::release                          : release subsounds. (00000205E3280AE8)
[LOG] SoundI::release                          :     bird_nightingale_3 (0000020705EE2408)
[LOG] SoundI::release                          : release codec. (00000205E3280AE8)
[LOG] SoundI::release                          :  (00000205E327EF98)
[LOG] SoundI::release                          : release subsounds. (00000205E327EF98)
[LOG] SoundI::release                          :     bird_nightingale_4 (0000020705EE2728)
[LOG] SoundI::release                          : release codec. (00000205E327EF98)
[LOG] SoundI::release                          :  (00000205E32810A8)
[LOG] SoundI::release                          : release subsounds. (00000205E32810A8)
[LOG] SoundI::release                          :     bird_nightingale_5 (0000020705EE3218)
[LOG] SoundI::release                          : release codec. (00000205E32810A8)
[LOG] SoundI::release                          :  (00000205E327F3E8)
[LOG] SoundI::release                          : release subsounds. (00000205E327F3E8)
[LOG] SoundI::release                          :     bird_nightingale_6 (00000205C2175E98)
[LOG] SoundI::release                          : release codec. (00000205E327F3E8)
[LOG] SoundI::release                          :  (00000205E327FC88)
[LOG] SoundI::release                          : release subsounds. (00000205E327FC88)
[LOG] SoundI::release                          :     bird_nightingale_7 (0000020705EE2A48)
[LOG] SoundI::release                          : release codec. (00000205E327FC88)
[LOG] SoundI::release                          :  (00000205E327F278)
[LOG] SoundI::release                          : release subsounds. (00000205E327F278)
[LOG] SoundI::release                          :     bird_rook_1 (0000020705EE28B8)
[LOG] SoundI::release                          : release codec. (00000205E327F278)
[LOG] SoundI::release                          :  (00000205E327D898)
[LOG] SoundI::release                          : release subsounds. (00000205E327D898)
[LOG] SoundI::release                          :     bird_rook_2 (00000205B97EC8F8)
[LOG] SoundI::release                          : release codec. (00000205E327D898)
[LOG] SoundI::release                          :  (00000205E3281218)
[LOG] SoundI::release                          : release subsounds. (00000205E3281218)
[LOG] SoundI::release                          :     bird_rook_3 (0000020705EE2BD8)
[LOG] SoundI::release                          : release codec. (00000205E3281218)
[LOG] SoundI::release                          :  (00000205E32824C8)
[LOG] SoundI::release                          : release subsounds. (00000205E32824C8)
[LOG] SoundI::release                          :     bird_rook_4 (00000205C2175D08)
[LOG] SoundI::release                          : release codec. (00000205E32824C8)
[LOG] SoundI::release                          :  (00000205E3281F08)
[LOG] SoundI::release                          : release subsounds. (00000205E3281F08)
[LOG] SoundI::release                          :     bird_sparrowhawk_3 (00000205C2175088)
[LOG] SoundI::release                          : release codec. (00000205E3281F08)
[LOG] SoundI::release                          :  (00000205E3280F38)
[LOG] SoundI::release                          : release subsounds. (00000205E3280F38)
[LOG] SoundI::release                          :     bird_sparrowhawk_4 (00000205C2175858)
[LOG] SoundI::release                          : release codec. (00000205E3280F38)
[LOG] SoundI::release                          :  (00000205E327D728)
[LOG] SoundI::release                          : release subsounds. (00000205E327D728)
[LOG] SoundI::release                          :     bird_sparrowhawk_5 (00000205C21753A8)
[LOG] SoundI::release                          : release codec. (00000205E327D728)
[LOG] SoundI::release                          : windgust_5 (000002068B8950C8)
[LOG] SoundI::release                          : remove stream samples. (000002068B8950C8)
[LOG] SoundI::release                          :     windgust_5 (0000020705F428B8)
[LOG] SoundI::release                          : release subsounds. (000002068B8950C8)
[LOG] SoundI::release                          :     windgust_5 (00000206B2B32608)
[LOG] SoundI::release                          : release codec. (000002068B8950C8)
[LOG] SoundI::release                          : bird_sparrowhawk_2 (00000205B8DF33B8)
[LOG] SoundI::release                          : remove stream samples. (00000205B8DF33B8)
[LOG] SoundI::release                          :     bird_sparrowhawk_2 (00000206C5DD1E08)
[LOG] SoundI::release                          : release subsounds. (00000205B8DF33B8)
[LOG] SoundI::release                          :     bird_sparrowhawk_2 (000002068B895A88)
[LOG] SoundI::release                          : release codec. (00000205B8DF33B8)
[LOG] SoundI::release                          : environment_loop_01 (000002068B895408)
[LOG] SoundI::release                          : remove stream samples. (000002068B895408)
[LOG] SoundI::release                          :     environment_loop_01 (0000020705F42728)
[LOG] SoundI::release                          : release subsounds. (000002068B895408)
[LOG] SoundI::release                          :     environment_loop_01 (00000205B793FFF8)
[LOG] SoundI::release                          : release codec. (000002068B895408)
[LOG] SoundI::release                          :  (00000205E327D5B8)
[LOG] SoundI::release                          : release subsounds. (00000205E327D5B8)
[LOG] SoundI::release                          :     bird_sparrowhawk_6 (00000206C0C993B8)
[LOG] SoundI::release                          : release codec. (00000205E327D5B8)
[LOG] SoundI::release                          :  (00000205E3281AB8)
[LOG] SoundI::release                          : release subsounds. (00000205E3281AB8)
[LOG] SoundI::release                          :     nature_frog-calm_2 (00000205C21756C8)
[LOG] SoundI::release                          : release codec. (00000205E3281AB8)
[LOG] SoundI::release                          :  (00000205E327E588)
[LOG] SoundI::release                          : release subsounds. (00000205E327E588)
[LOG] SoundI::release                          :     bird_mallard_2 (00000206C0C999F8)
[LOG] SoundI::release                          : release codec. (00000205E327E588)
[LOG] Thread::callback                         : * FMOD Studio update thread finished
[LOG] Thread::close                            : FMOD Studio update thread thread destroyed
[LOG] Thread::callback                         : * FMOD Studio bank load thread finished
[LOG] Thread::close                            : FMOD Studio bank load thread thread destroyed
[LOG] Profile::disconnectAll                   : Profiler disconnecting all clients
[LOG] Thread::callback                         : * FMOD Studio sample load thread finished
[LOG] Thread::close                            : FMOD Studio sample load thread thread destroyed
[LOG] LiveUpdate::release                      : 
[LOG] LiveUpdate::reset                        : Reset connection (reason Disconnected)
[LOG] SystemI::close                           : 
[LOG] SystemI::close                           : Stop all sounds
[LOG] Thread::callback                         : * FMOD stream thread finished
[LOG] Thread::close                            : FMOD stream thread thread destroyed
[LOG] SystemI::close                           : Stream thread destroyed
[LOG] Thread::callback                         : * FMOD mixer thread finished
[LOG] Thread::close                            : FMOD mixer thread thread destroyed
[LOG] SystemI::close                           : Free master channel group.
[LOG] SystemI::close                           : Remove 'master' sound group.
[LOG] SystemI::close                           : Free software output.
[LOG] SystemI::close                           : Free emulated output.
[LOG] SystemI::close                           : Free channel pool.
[LOG] Thread::callback                         : * FMOD nonblocking thread (0) finished
[LOG] Thread::close                            : FMOD nonblocking thread (0) thread destroyed
[LOG] Thread::callback                         : * FMOD file thread finished
[LOG] Thread::close                            : FMOD file thread thread destroyed
[LOG] SystemI::close                           : done.

